{
  "RSpec": {
    "coverage": {
      "/home/meeps/Development/clickies/config/environment.rb": [
        null,
        1,
        null,
        null,
        1
      ],
      "/home/meeps/Development/clickies/config/application.rb": [
        1,
        null,
        1,
        null,
        null,
        null,
        1,
        null,
        1,
        1,
        null,
        null,
        null,
        null,
        null,
        null,
        null,
        null,
        null,
        null,
        null,
        null,
        null
      ],
      "/home/meeps/Development/clickies/config/boot.rb": [
        null,
        1,
        null,
        1
      ],
      "/home/meeps/Development/clickies/config/environments/test.rb": [
        1,
        null,
        null,
        null,
        null,
        null,
        null,
        1,
        null,
        null,
        null,
        null,
        1,
        null,
        null,
        1,
        1,
        null,
        null,
        1,
        1,
        null,
        null,
        1,
        null,
        null,
        1,
        null,
        null,
        null,
        null,
        1,
        null,
        null,
        1,
        null
      ],
      "/home/meeps/Development/clickies/config/initializers/backtrace_silencers.rb": [
        null,
        null,
        null,
        null,
        null,
        null,
        null
      ],
      "/home/meeps/Development/clickies/config/initializers/devise.rb": [
        null,
        null,
        1,
        null,
        null,
        null,
        null,
        null,
        null,
        null,
        null,
        null,
        1,
        null,
        null,
        null,
        null,
        null,
        null,
        null,
        null,
        1,
        null,
        null,
        null,
        null,
        null,
        null,
        null,
        null,
        null,
        null,
        null,
        null,
        null,
        null,
        null,
        null,
        null,
        null,
        null,
        null,
        null,
        1,
        null,
        null,
        null,
        null,
        1,
        null,
        null,
        null,
        null,
        null,
        null,
        null,
        null,
        null,
        null,
        null,
        null,
        null,
        null,
        null,
        null,
        null,
        null,
        null,
        null,
        null,
        null,
        null,
        null,
        null,
        null,
        null,
        null,
        null,
        null,
        1,
        null,
        null,
        null,
        null,
        null,
        null,
        null,
        null,
        null,
        null,
        null,
        null,
        null,
        null,
        null,
        null,
        1,
        null,
        null,
        null,
        null,
        null,
        null,
        null,
        null,
        null,
        null,
        null,
        null,
        null,
        null,
        null,
        null,
        null,
        null,
        null,
        null,
        null,
        null,
        null,
        null,
        1,
        null,
        null,
        null,
        null,
        null,
        null,
        null,
        null,
        null,
        1,
        null,
        null,
        null,
        null,
        null,
        null,
        null,
        null,
        null,
        null,
        1,
        null,
        null,
        null,
        null,
        null,
        null,
        null,
        null,
        null,
        null,
        null,
        null,
        null,
        null,
        null,
        null,
        null,
        null,
        null,
        null,
        null,
        null,
        null,
        null,
        null,
        null,
        null,
        null,
        null,
        null,
        null,
        null,
        null,
        null,
        null,
        null,
        null,
        null,
        null,
        null,
        null,
        null,
        null,
        null,
        null,
        null,
        null,
        null,
        1,
        null,
        null,
        null,
        null,
        null,
        null,
        null,
        null,
        null,
        null,
        null,
        null,
        null,
        null,
        null,
        null,
        null,
        null,
        null,
        null,
        null,
        null,
        null,
        null,
        null,
        null,
        null,
        null,
        null,
        null,
        null,
        null,
        null,
        null,
        null,
        null,
        null,
        1,
        null,
        null,
        null,
        null,
        null,
        null,
        null,
        null,
        null,
        null,
        null,
        null,
        null,
        null,
        null,
        null,
        null,
        null,
        null,
        null,
        null,
        null,
        null,
        null,
        null,
        null,
        null,
        null,
        null
      ],
      "/home/meeps/Development/clickies/config/initializers/filter_parameter_logging.rb": [
        null,
        null,
        null,
        1
      ],
      "/home/meeps/Development/clickies/config/initializers/inflections.rb": [
        null,
        null,
        null,
        null,
        null,
        null,
        null,
        null,
        null,
        null,
        null,
        null,
        null,
        null,
        null,
        null
      ],
      "/home/meeps/Development/clickies/config/initializers/mime_types.rb": [
        null,
        null,
        null,
        null,
        null
      ],
      "/home/meeps/Development/clickies/config/initializers/secret_token.rb": [
        null,
        null,
        null,
        null,
        null,
        null,
        null,
        null,
        null,
        null,
        null,
        1
      ],
      "/home/meeps/Development/clickies/config/initializers/session_store.rb": [
        null,
        null,
        1
      ],
      "/home/meeps/Development/clickies/config/initializers/wrap_parameters.rb": [
        null,
        null,
        null,
        null,
        null,
        null,
        1,
        1,
        null,
        null,
        null,
        null,
        null,
        null
      ],
      "/home/meeps/Development/clickies/spec/factories/banned_sites.rb": [
        null,
        null,
        1,
        1,
        null,
        null
      ],
      "/home/meeps/Development/clickies/spec/factories/clickies.rb": [
        null,
        null,
        1,
        1,
        null,
        null
      ],
      "/home/meeps/Development/clickies/spec/factories/host_infos.rb": [
        null,
        null,
        1,
        1,
        null,
        null
      ],
      "/home/meeps/Development/clickies/spec/factories/page_infos.rb": [
        null,
        null,
        1,
        1,
        null,
        null
      ],
      "/home/meeps/Development/clickies/spec/factories/users.rb": [
        null,
        null,
        1,
        1,
        null,
        null
      ],
      "/home/meeps/Development/clickies/config/routes.rb": [
        1,
        1,
        1,
        null,
        1,
        null,
        1,
        null,
        1,
        null,
        1,
        null,
        null,
        null,
        null,
        1,
        null,
        null,
        null,
        null,
        null,
        null,
        null,
        null,
        null,
        null,
        null,
        null,
        null,
        null,
        null,
        null,
        null,
        null,
        null,
        null,
        null,
        null,
        null,
        null,
        null,
        null,
        null,
        null,
        null,
        null,
        null,
        null,
        null,
        null,
        null,
        null,
        null,
        null,
        null,
        null,
        null,
        null,
        null,
        null,
        null,
        null,
        null,
        null,
        null,
        null,
        null,
        1,
        1,
        1,
        1,
        null,
        1,
        1,
        1,
        1,
        null,
        null,
        null
      ],
      "/home/meeps/Development/clickies/app/models/user.rb": [
        1,
        null,
        null,
        1,
        null,
        null
      ],
      "/home/meeps/Development/clickies/app/helpers/application_helper.rb": [
        1,
        null
      ],
      "/home/meeps/Development/clickies/app/helpers/banned_sites_helper.rb": [
        1,
        null
      ],
      "/home/meeps/Development/clickies/app/helpers/clickies_helper.rb": [
        1,
        null
      ],
      "/home/meeps/Development/clickies/app/helpers/host_infos_helper.rb": [
        1,
        null
      ],
      "/home/meeps/Development/clickies/app/helpers/landings_helper.rb": [
        1,
        null
      ],
      "/home/meeps/Development/clickies/app/helpers/page_infos_helper.rb": [
        1,
        null
      ],
      "/home/meeps/Development/clickies/app/models/banned_site.rb": [
        1,
        1,
        null
      ],
      "/home/meeps/Development/clickies/spec/models/clicky_spec.rb": [
        1,
        null,
        1,
        1,
        null
      ],
      "/home/meeps/Development/clickies/app/models/clicky.rb": [
        1,
        1,
        1,
        1,
        1,
        1,
        1,
        1,
        null
      ],
      "/home/meeps/Development/clickies/spec/models/host_info_spec.rb": [
        1,
        null,
        1,
        1,
        null
      ],
      "/home/meeps/Development/clickies/app/models/host_info.rb": [
        1,
        1,
        1,
        null
      ],
      "/home/meeps/Development/clickies/spec/models/page_info_spec.rb": [
        1,
        null,
        1,
        1,
        null
      ],
      "/home/meeps/Development/clickies/app/models/page_info.rb": [
        1,
        1,
        null
      ],
      "/home/meeps/Development/clickies/spec/models/user_spec.rb": [
        1,
        null,
        1,
        1,
        null
      ]
    },
    "timestamp": 1396933589
  }
}
